STAR version=2.7.6a
STAR compilation time,server,dir=Sat Sep 19 11:48:47 EDT 2020 vega:/home/dobin/data/STAR/STARcode/STAR.master/source
##### Command Line:
STAR --runThreadN 4 --genomeDir genome/index --readFilesIn ./sequences/SRR6181200_sampled.fastq --outFileNamePrefix results/aligned/SRR6181200_sampled_ --outSAMtype BAM SortedByCoordinate
##### Initial USER parameters from Command Line:
outFileNamePrefix                 results/aligned/SRR6181200_sampled_
###### All USER parameters from Command Line:
runThreadN                    4     ~RE-DEFINED
genomeDir                     genome/index     ~RE-DEFINED
readFilesIn                   ./sequences/SRR6181200_sampled.fastq        ~RE-DEFINED
outFileNamePrefix             results/aligned/SRR6181200_sampled_     ~RE-DEFINED
outSAMtype                    BAM   SortedByCoordinate        ~RE-DEFINED
##### Finished reading parameters from all sources

##### Final user re-defined parameters-----------------:
runThreadN                        4
genomeDir                         genome/index
readFilesIn                       ./sequences/SRR6181200_sampled.fastq   
outFileNamePrefix                 results/aligned/SRR6181200_sampled_
outSAMtype                        BAM   SortedByCoordinate   

-------------------------------
##### Final effective command line:
STAR   --runThreadN 4   --genomeDir genome/index   --readFilesIn ./sequences/SRR6181200_sampled.fastq      --outFileNamePrefix results/aligned/SRR6181200_sampled_   --outSAMtype BAM   SortedByCoordinate   
----------------------------------------

Number of fastq files for each mate = 1
WARNING: --limitBAMsortRAM=0, will use genome size as RAM limit for BAM sorting
Finished loading and checking parameters
Reading genome generation parameters:
### STAR   --runMode genomeGenerate   --runThreadN 4   --genomeDir genome/index   --genomeFastaFiles genome/assembly.fasta      --genomeSAindexNbases 12   --sjdbGTFfile genome/annotation.gtf
### GstrandBit=32
versionGenome                 2.7.4a     ~RE-DEFINED
genomeType                    Full     ~RE-DEFINED
genomeFastaFiles              genome/assembly.fasta        ~RE-DEFINED
genomeSAindexNbases           12     ~RE-DEFINED
genomeChrBinNbits             18     ~RE-DEFINED
genomeSAsparseD               1     ~RE-DEFINED
genomeTransformType           None     ~RE-DEFINED
genomeTransformVCF            -     ~RE-DEFINED
sjdbOverhang                  100     ~RE-DEFINED
sjdbFileChrStartEnd           -        ~RE-DEFINED
sjdbGTFfile                   genome/annotation.gtf     ~RE-DEFINED
sjdbGTFchrPrefix              -     ~RE-DEFINED
sjdbGTFfeatureExon            exon     ~RE-DEFINED
sjdbGTFtagExonParentTranscripttranscript_id     ~RE-DEFINED
sjdbGTFtagExonParentGene      gene_id     ~RE-DEFINED
sjdbInsertSave                Basic     ~RE-DEFINED
genomeFileSizes               638902383   1275687801        ~RE-DEFINED
Genome version is compatible with current STAR
Number of real (reference) chromosomes= 1870
1	2L	23513712	0
2	2R	25286936	23592960
3	3L	28110227	49020928
4	3R	32079331	77332480
5	4	1348131	109576192
6	X	23542271	111149056
7	Y	3667352	134742016
8	mitochondrion_genome	19524	138412032
9	Unmapped_Scaffold_8_D1580_D1567	88768	138674176
10	3Cen_mapped_Scaffold_31_D1643_D1653_D1791	87365	138936320
11	Unmapped_Scaffold_4_D1555_D1692	86267	139198464
12	rDNA	76973	139460608
13	3Cen_mapped_Scaffold_1_D1896_D1895	76224	139722752
14	Y_mapped_Scaffold_5_D1748_D1610	73091	139984896
15	Y_mapped_Scaffold_9_D1573	66731	140247040
16	Y_mapped_Scaffold_12_D1771	66439	140509184
17	Unmapped_Scaffold_17_D1756_D1775	62570	140771328
18	Unmapped_Scaffold_35_D1599	57785	141033472
19	XY_mapped_Scaffold_7_D1574	50625	141295616
20	XY_mapped_Scaffold_42_D1648	47411	141557760
21	Unmapped_Scaffold_28_D1723	46986	141819904
22	Unmapped_Scaffold_22_D1753	45120	142082048
23	2Cen_mapped_Scaffold_43_D1668	44411	142344192
24	Y_mapped_Scaffold_53_D1765	44104	142606336
25	Unmapped_Scaffold_52_D1739	43383	142868480
26	Y_mapped_Scaffold_20_D1762_D1719	39041	143130624
27	Unmapped_Scaffold_29_D1705	37106	143392768
28	3Cen_mapped_Scaffold_36_D1605	36913	143654912
29	Unmapped_Scaffold_11_D1754	36482	143917056
30	Y_mapped_Scaffold_18_D1698	34521	144179200
31	Y_mapped_Scaffold_21_D1683_D1693	34359	144441344
32	X3X4_mapped_Scaffold_6_D1712	33320	144703488
33	Y_mapped_Scaffold_15_D1727	33316	144965632
34	Y_mapped_Scaffold_23_D1638	31460	145227776
35	Unmapped_Scaffold_45_D1673	29583	145489920
36	Unmapped_Scaffold_38_D1625	28305	145752064
37	211000022278049	27456	146014208
38	X3X4_mapped_Scaffold_14_D1732	27447	146276352
39	Unmapped_Scaffold_48_D1678	26115	146538496
40	211000022278415	25840	146800640
41	Y_mapped_Scaffold_30_D1720	25805	147062784
42	Unmapped_Scaffold_44_D1670	25698	147324928
43	Unmapped_Scaffold_46_D1675	25560	147587072
44	Unmapped_Scaffold_13_D1782	25537	147849216
45	Unmapped_Scaffold_60_D1601	24503	148111360
46	Y_mapped_Scaffold_34_D1584	24380	148373504
47	3Cen_mapped_Scaffold_50_D1686	23238	148635648
48	Unmapped_Scaffold_24_D1707	22882	148897792
49	3Cen_mapped_Scaffold_41_D1641	22604	149159936
50	Y_mapped_Scaffold_26_D1717	21921	149422080
51	211000022278354	21074	149684224
52	Unmapped_Scaffold_37_D1608	20763	149946368
53	2Cen_mapped_Scaffold_10_D1684	19956	150208512
54	211000022280761	18299	150470656
55	Unmapped_Scaffold_32_D1773	16157	150732800
56	211000022279276	15522	150994944
57	211000022280772	15417	151257088
58	211000022280237	15068	151519232
59	211000022279114	14983	151781376
60	211000022278217	14687	152043520
61	211000022280659	14503	152305664
62	211000022278974	14199	152567808
63	211000022280328	14098	152829952
64	211000022280541	14028	153092096
65	211000022278653	14006	153354240
66	211000022278498	13940	153616384
67	211000022280259	13935	153878528
68	211000022278875	13906	154140672
69	211000022279892	13553	154402816
70	211000022279009	13549	154664960
71	211000022280596	13501	154927104
72	211000022279719	13455	155189248
73	Unmapped_Scaffold_51_D1697	13455	155451392
74	211000022279579	13416	155713536
75	211000022280042	13394	155975680
76	211000022279094	13317	156237824
77	211000022279556	13256	156499968
78	211000022279446	13234	156762112
79	2R2_mapped_Scaffold_56_D1828	13157	157024256
80	211000022280270	13108	157286400
81	211000022280187	13079	157548544
82	211000022279146	12856	157810688
83	211000022279008	12848	158072832
84	211000022279754	12827	158334976
85	211000022278279	12714	158597120
86	211000022278185	12681	158859264
87	211000022279420	12654	159121408
88	Unmapped_Scaffold_54_D1776	12632	159383552
89	211000022279022	12632	159645696
90	211000022279503	12536	159907840
91	211000022280742	12513	160169984
92	211000022279345	12459	160432128
93	211000022279829	12424	160694272
94	211000022278978	12424	160956416
95	211000022278916	12399	161218560
96	211000022279098	12368	161480704
97	211000022278777	12354	161742848
98	211000022279676	12187	162004992
99	211000022279594	12148	162267136
100	211000022279637	12142	162529280
101	211000022279456	12095	162791424
102	211000022279893	12034	163053568
103	211000022278273	12027	163315712
104	211000022279001	12002	163577856
105	211000022280763	12001	163840000
106	211000022278390	11985	164102144
107	3Cen_mapped_Scaffold_27_D1777	11983	164364288
108	211000022279189	11958	164626432
109	211000022278399	11951	164888576
110	211000022279523	11807	165150720
111	211000022279681	11763	165412864
112	211000022278549	11743	165675008
113	211000022278849	11569	165937152
114	211000022279836	11522	166199296
115	211000022279762	11498	166461440
116	211000022278269	11430	166723584
117	211000022279423	11220	166985728
118	211000022280064	11148	167247872
119	211000022278686	11126	167510016
120	Unmapped_Scaffold_58_D1862	10091	167772160
121	211000022280750	9865	168034304
122	211000022280526	9368	168296448
123	211000022279869	9341	168558592
124	211000022278215	8346	168820736
125	211000022279695	8007	169082880
126	211000022279735	7722	169345024
127	211000022280490	7314	169607168
128	211000022280465	7123	169869312
129	211000022280734	7003	170131456
130	211000022278032	6936	170393600
131	211000022280476	6900	170655744
132	211000022279018	6860	170917888
133	211000022280735	6860	171180032
134	211000022280699	6825	171442176
135	211000022280447	6698	171704320
136	211000022280640	6546	171966464
137	211000022279879	6396	172228608
138	211000022280236	6294	172490752
139	211000022279539	6237	172752896
140	211000022280519	6193	173015040
141	211000022279177	6076	173277184
142	211000022280046	6062	173539328
143	211000022280518	6041	173801472
144	211000022280545	6000	174063616
145	211000022278684	5984	174325760
146	211000022280437	5968	174587904
147	211000022280655	5952	174850048
148	211000022279884	5915	175112192
149	211000022279147	5891	175374336
150	211000022279563	5832	175636480
151	211000022280462	5772	175898624
152	211000022280472	5698	176160768
153	211000022280748	5564	176422912
154	211000022279955	5555	176685056
155	211000022279688	5520	176947200
156	211000022279380	5465	177209344
157	211000022280517	5463	177471488
158	211000022280241	5387	177733632
159	211000022280727	5383	177995776
160	211000022279257	5360	178257920
161	211000022280656	5324	178520064
162	211000022278556	5323	178782208
163	211000022280637	5316	179044352
164	211000022279634	5281	179306496
165	211000022280466	5232	179568640
166	211000022279559	5189	179830784
167	211000022278960	5182	180092928
168	211000022280459	5098	180355072
169	211000022280720	5061	180617216
170	211000022278712	5060	180879360
171	211000022279883	5057	181141504
172	211000022280583	5026	181403648
173	211000022280615	5000	181665792
174	211000022280461	4996	181927936
175	211000022280558	4994	182190080
176	211000022280087	4986	182452224
177	211000022279928	4967	182714368
178	211000022279913	4939	182976512
179	211000022280589	4933	183238656
180	211000022280649	4917	183500800
181	211000022280445	4903	183762944
182	211000022279453	4888	184025088
183	211000022280645	4879	184287232
184	211000022280233	4865	184549376
185	211000022280015	4820	184811520
186	211000022279449	4815	185073664
187	211000022280607	4785	185335808
188	211000022280618	4705	185597952
189	211000022280503	4701	185860096
190	211000022280050	4608	186122240
191	211000022280652	4581	186384384
192	211000022279344	4573	186646528
193	211000022279701	4553	186908672
194	211000022279705	4515	187170816
195	211000022280457	4471	187432960
196	211000022278926	4465	187695104
197	211000022280743	4452	187957248
198	211000022279389	4436	188219392
199	211000022278765	4400	188481536
200	211000022280624	4395	188743680
201	211000022279463	4381	189005824
202	211000022280128	4378	189267968
203	211000022279091	4377	189530112
204	211000022279396	4370	189792256
205	211000022279940	4361	190054400
206	211000022280516	4336	190316544
207	211000022279887	4310	190578688
208	211000022280671	4310	190840832
209	211000022280283	4305	191102976
210	211000022278723	4295	191365120
211	211000022280473	4289	191627264
212	211000022280202	4273	191889408
213	211000022279855	4272	192151552
214	211000022280068	4256	192413696
215	211000022280002	4231	192675840
216	211000022278966	4225	192937984
217	211000022279667	4222	193200128
218	211000022278089	4222	193462272
219	211000022280762	4202	193724416
220	211000022280494	4197	193986560
221	211000022279052	4188	194248704
222	211000022278351	4183	194510848
223	211000022280508	4182	194772992
224	211000022278372	4163	195035136
225	211000022280653	4150	195297280
226	211000022280560	4135	195559424
227	211000022280479	4085	195821568
228	211000022280098	4081	196083712
229	211000022280016	4072	196345856
230	211000022280504	4059	196608000
231	211000022280110	4030	196870144
232	211000022280529	4013	197132288
233	211000022280539	4012	197394432
234	211000022280448	4006	197656576
235	211000022280623	3991	197918720
236	211000022279731	3984	198180864
237	211000022280446	3970	198443008
238	211000022280305	3964	198705152
239	211000022280684	3960	198967296
240	211000022278675	3950	199229440
241	211000022280603	3941	199491584
242	211000022280032	3932	199753728
243	211000022279673	3926	200015872
244	211000022278100	3924	200278016
245	211000022280439	3921	200540160
246	211000022279372	3913	200802304
247	211000022280593	3913	201064448
248	211000022280703	3906	201326592
249	211000022279750	3871	201588736
250	211000022278945	3864	201850880
251	211000022279675	3858	202113024
252	211000022280498	3818	202375168
253	211000022279243	3807	202637312
254	211000022279743	3806	202899456
255	211000022278195	3806	203161600
256	211000022280629	3775	203423744
257	211000022280471	3755	203685888
258	211000022280625	3745	203948032
259	211000022280551	3737	204210176
260	211000022280495	3730	204472320
261	211000022280455	3717	204734464
262	211000022279477	3716	204996608
263	211000022280481	3713	205258752
264	211000022278697	3708	205520896
265	211000022278602	3681	205783040
266	211000022280606	3660	206045184
267	211000022278392	3650	206307328
268	211000022279844	3649	206569472
269	211000022278611	3648	206831616
270	211000022280565	3646	207093760
271	211000022280463	3638	207355904
272	211000022280026	3622	207618048
273	211000022279370	3622	207880192
274	211000022280522	3603	208142336
275	211000022280620	3603	208404480
276	211000022280578	3602	208666624
277	211000022280562	3593	208928768
278	211000022280470	3582	209190912
279	211000022280654	3574	209453056
280	211000022279961	3557	209715200
281	211000022280525	3554	209977344
282	211000022278396	3553	210239488
283	211000022279730	3553	210501632
284	211000022280127	3553	210763776
285	211000022278601	3537	211025920
286	211000022279945	3527	211288064
287	211000022280692	3527	211550208
288	211000022278896	3523	211812352
289	211000022280156	3519	212074496
290	211000022279613	3503	212336640
291	211000022279030	3502	212598784
292	211000022279468	3499	212860928
293	211000022280668	3498	213123072
294	211000022279229	3490	213385216
295	211000022279499	3478	213647360
296	211000022278768	3477	213909504
297	211000022280597	3473	214171648
298	211000022279812	3466	214433792
299	211000022278203	3463	214695936
300	211000022278312	3458	214958080
301	211000022279431	3434	215220224
302	211000022280533	3402	215482368
303	211000022280335	3396	215744512
304	211000022280566	3389	216006656
305	211000022280556	3386	216268800
306	211000022278795	3375	216530944
307	211000022279951	3374	216793088
308	211000022279877	3373	217055232
309	211000022280554	3365	217317376
310	211000022280295	3348	217579520
311	211000022279188	3347	217841664
312	211000022280483	3341	218103808
313	211000022280570	3313	218365952
314	211000022280595	3308	218628096
315	211000022280564	3302	218890240
316	211000022280255	3299	219152384
317	211000022279772	3290	219414528
318	211000022279606	3284	219676672
319	211000022280105	3277	219938816
320	211000022279497	3275	220200960
321	211000022280524	3268	220463104
322	211000022280440	3262	220725248
323	211000022280480	3259	220987392
324	211000022280687	3259	221249536
325	211000022278361	3254	221511680
326	211000022280296	3252	221773824
327	211000022280115	3234	222035968
328	211000022279953	3227	222298112
329	211000022280588	3223	222560256
330	211000022279982	3218	222822400
331	211000022278218	3213	223084544
332	211000022280008	3209	223346688
333	211000022278544	3206	223608832
334	211000022279394	3201	223870976
335	211000022280669	3201	224133120
336	211000022279265	3197	224395264
337	211000022279284	3196	224657408
338	211000022280619	3195	224919552
339	211000022280557	3190	225181696
340	211000022280555	3174	225443840
341	211000022279224	3173	225705984
342	211000022280456	3171	225968128
343	211000022278219	3162	226230272
344	211000022278438	3159	226492416
345	211000022279700	3157	226754560
346	211000022279868	3156	227016704
347	211000022279649	3154	227278848
348	211000022280211	3144	227540992
349	211000022280467	3129	227803136
350	211000022280587	3123	228065280
351	211000022279777	3123	228327424
352	211000022279169	3120	228589568
353	211000022279186	3102	228851712
354	211000022278398	3100	229113856
355	211000022280538	3100	229376000
356	211000022278280	3089	229638144
357	211000022280511	3085	229900288
358	211000022280114	3080	230162432
359	211000022278785	3080	230424576
360	211000022278895	3077	230686720
361	211000022279109	3076	230948864
362	211000022278164	3073	231211008
363	211000022279179	3073	231473152
364	211000022280641	3065	231735296
365	211000022280532	3059	231997440
366	211000022279784	3058	232259584
367	211000022279642	3046	232521728
368	211000022280080	3044	232783872
369	211000022280261	3043	233046016
370	211000022280212	3025	233308160
371	211000022279460	3024	233570304
372	211000022280577	3013	233832448
373	211000022278581	3010	234094592
374	211000022280093	3009	234356736
375	211000022279081	3002	234618880
376	211000022278235	2999	234881024
377	211000022278395	2999	235143168
378	211000022280542	2996	235405312
379	211000022278744	2991	235667456
380	211000022278883	2984	235929600
381	211000022280086	2982	236191744
382	211000022280260	2982	236453888
383	211000022279837	2971	236716032
384	211000022280584	2964	236978176
385	211000022279761	2957	237240320
386	211000022278208	2956	237502464
387	211000022279277	2945	237764608
388	211000022280035	2943	238026752
389	211000022279239	2937	238288896
390	211000022279608	2937	238551040
391	211000022280037	2928	238813184
392	211000022280474	2927	239075328
393	211000022280316	2926	239337472
394	211000022280536	2924	239599616
395	211000022280686	2922	239861760
396	211000022279442	2922	240123904
397	211000022280544	2919	240386048
398	211000022278554	2916	240648192
399	211000022280251	2914	240910336
400	211000022279488	2911	241172480
401	211000022280639	2910	241434624
402	211000022278378	2905	241696768
403	211000022278724	2904	241958912
404	211000022278952	2903	242221056
405	211000022279532	2899	242483200
406	211000022280272	2893	242745344
407	211000022280010	2889	243007488
408	211000022279061	2884	243269632
409	211000022280205	2882	243531776
410	211000022280012	2882	243793920
411	211000022280311	2882	244056064
412	211000022279021	2881	244318208
413	211000022278846	2877	244580352
414	211000022280610	2876	244842496
415	211000022278868	2871	245104640
416	211000022280227	2860	245366784
417	211000022279867	2860	245628928
418	211000022279288	2858	245891072
419	211000022280333	2855	246153216
420	211000022278404	2849	246415360
421	211000022280436	2848	246677504
422	211000022279968	2846	246939648
423	211000022279698	2844	247201792
424	211000022278463	2841	247463936
425	211000022279382	2836	247726080
426	211000022279552	2834	247988224
427	211000022279703	2833	248250368
428	211000022280642	2830	248512512
429	211000022280592	2829	248774656
430	211000022280501	2828	249036800
431	211000022279408	2825	249298944
432	211000022278821	2823	249561088
433	211000022279964	2822	249823232
434	211000022279082	2822	250085376
435	211000022278098	2820	250347520
436	211000022280537	2819	250609664
437	211000022278436	2815	250871808
438	211000022279502	2814	251133952
439	211000022280469	2811	251396096
440	211000022280340	2804	251658240
441	211000022278586	2799	251920384
442	211000022279948	2796	252182528
443	211000022279521	2795	252444672
444	211000022279416	2795	252706816
445	211000022280214	2794	252968960
446	211000022279746	2793	253231104
447	211000022278975	2793	253493248
448	211000022278923	2791	253755392
449	211000022279311	2790	254017536
450	211000022279623	2788	254279680
451	211000022279527	2787	254541824
452	211000022280171	2784	254803968
453	211000022278794	2783	255066112
454	211000022278209	2781	255328256
455	211000022279298	2765	255590400
456	211000022278734	2762	255852544
457	211000022279287	2751	256114688
458	211000022280632	2750	256376832
459	211000022280497	2745	256638976
460	211000022278440	2744	256901120
461	211000022279562	2736	257163264
462	211000022278790	2733	257425408
463	211000022279709	2728	257687552
464	211000022280138	2709	257949696
465	211000022280707	2708	258211840
466	211000022279911	2703	258473984
467	211000022278921	2698	258736128
468	211000022278421	2697	258998272
469	211000022279755	2694	259260416
470	211000022278645	2689	259522560
471	211000022278278	2688	259784704
472	211000022279653	2688	260046848
473	211000022280148	2686	260308992
474	211000022280095	2671	260571136
475	211000022279157	2670	260833280
476	211000022279973	2669	261095424
477	211000022278546	2668	261357568
478	211000022278114	2665	261619712
479	211000022280108	2664	261881856
480	211000022279233	2647	262144000
481	211000022280284	2644	262406144
482	211000022279046	2642	262668288
483	211000022278630	2641	262930432
484	211000022278316	2639	263192576
485	211000022278615	2637	263454720
486	211000022278426	2636	263716864
487	211000022279917	2635	263979008
488	211000022279602	2629	264241152
489	211000022280089	2628	264503296
490	211000022278937	2626	264765440
491	211000022280548	2618	265027584
492	211000022278732	2617	265289728
493	211000022280198	2612	265551872
494	211000022280137	2611	265814016
495	211000022278648	2605	266076160
496	211000022280062	2603	266338304
497	211000022280112	2603	266600448
498	211000022278299	2591	266862592
499	211000022279003	2588	267124736
500	211000022280141	2584	267386880
501	211000022280535	2583	267649024
502	211000022280520	2577	267911168
503	211000022280696	2577	268173312
504	211000022278327	2576	268435456
505	211000022278452	2575	268697600
506	211000022279190	2575	268959744
507	211000022280443	2575	269221888
508	211000022279483	2574	269484032
509	211000022278738	2570	269746176
510	211000022278509	2565	270008320
511	211000022280553	2561	270270464
512	211000022278489	2557	270532608
513	211000022279513	2556	270794752
514	211000022279214	2555	271056896
515	211000022279191	2549	271319040
516	211000022279056	2547	271581184
517	211000022280218	2541	271843328
518	211000022278963	2541	272105472
519	211000022279373	2536	272367616
520	211000022280485	2529	272629760
521	211000022279116	2529	272891904
522	211000022279261	2522	273154048
523	211000022278743	2521	273416192
524	211000022278927	2521	273678336
525	211000022279573	2520	273940480
526	211000022278831	2520	274202624
527	211000022279710	2517	274464768
528	211000022279898	2516	274726912
529	211000022280598	2511	274989056
530	211000022278282	2511	275251200
531	211000022279849	2510	275513344
532	211000022278683	2508	275775488
533	211000022279062	2505	276037632
534	211000022278622	2500	276299776
535	211000022278740	2491	276561920
536	211000022279126	2487	276824064
537	211000022280033	2479	277086208
538	211000022278802	2477	277348352
539	211000022279980	2476	277610496
540	211000022279902	2475	277872640
541	211000022278510	2473	278134784
542	211000022279866	2470	278396928
543	211000022278172	2464	278659072
544	211000022279994	2463	278921216
545	211000022279193	2462	279183360
546	211000022278664	2451	279445504
547	211000022279070	2447	279707648
548	211000022278493	2442	279969792
549	211000022280586	2439	280231936
550	211000022279711	2438	280494080
551	211000022279178	2438	280756224
552	211000022280492	2438	281018368
553	211000022278858	2435	281280512
554	211000022279651	2434	281542656
555	211000022278225	2432	281804800
556	211000022279850	2431	282066944
557	211000022279909	2429	282329088
558	211000022279780	2428	282591232
559	211000022278828	2425	282853376
560	211000022280643	2425	283115520
561	211000022280679	2421	283377664
562	211000022279436	2421	283639808
563	211000022279537	2420	283901952
564	211000022280626	2419	284164096
565	211000022280561	2417	284426240
566	211000022279967	2413	284688384
567	211000022278578	2412	284950528
568	211000022279960	2400	285212672
569	211000022279000	2394	285474816
570	211000022278507	2390	285736960
571	211000022278335	2390	285999104
572	211000022278908	2389	286261248
573	211000022279635	2385	286523392
574	211000022280302	2385	286785536
575	211000022280144	2385	287047680
576	211000022278942	2384	287309824
577	211000022279122	2383	287571968
578	211000022278716	2383	287834112
579	211000022279247	2382	288096256
580	211000022279810	2381	288358400
581	211000022278869	2381	288620544
582	211000022279259	2379	288882688
583	211000022280453	2379	289144832
584	211000022280747	2378	289406976
585	211000022280289	2375	289669120
586	211000022279530	2372	289931264
587	211000022279197	2369	290193408
588	211000022280208	2368	290455552
589	211000022279340	2366	290717696
590	211000022278844	2363	290979840
591	211000022280507	2357	291241984
592	211000022279704	2355	291504128
593	211000022278387	2354	291766272
594	211000022280534	2353	292028416
595	211000022279058	2352	292290560
596	211000022278934	2344	292552704
597	211000022279334	2342	292814848
598	211000022280228	2342	293076992
599	211000022278649	2335	293339136
600	211000022278220	2330	293601280
601	211000022280633	2328	293863424
602	211000022279612	2328	294125568
603	211000022279966	2326	294387712
604	211000022280058	2325	294649856
605	211000022279092	2322	294912000
606	211000022279774	2318	295174144
607	211000022279504	2317	295436288
608	211000022279787	2308	295698432
609	211000022278810	2307	295960576
610	211000022278536	2304	296222720
611	211000022278577	2303	296484864
612	211000022280580	2295	296747008
613	211000022278557	2293	297009152
614	211000022279011	2291	297271296
615	211000022279689	2289	297533440
616	211000022279085	2287	297795584
617	211000022278341	2286	298057728
618	211000022279553	2284	298319872
619	211000022278823	2283	298582016
620	211000022279732	2282	298844160
621	211000022278612	2273	299106304
622	211000022280698	2270	299368448
623	211000022278639	2269	299630592
624	211000022278178	2266	299892736
625	211000022278249	2259	300154880
626	211000022278629	2259	300417024
627	211000022278860	2253	300679168
628	211000022279479	2248	300941312
629	211000022280330	2247	301203456
630	211000022279299	2237	301465600
631	211000022280568	2234	301727744
632	211000022279949	2232	301989888
633	211000022280024	2232	302252032
634	211000022278513	2228	302514176
635	211000022278953	2227	302776320
636	211000022280088	2223	303038464
637	211000022278672	2221	303300608
638	211000022279514	2220	303562752
639	211000022279101	2217	303824896
640	211000022280621	2216	304087040
641	211000022280442	2210	304349184
642	211000022278461	2209	304611328
643	211000022279929	2207	304873472
644	211000022279932	2206	305135616
645	211000022280599	2205	305397760
646	211000022278608	2201	305659904
647	211000022278888	2200	305922048
648	211000022279118	2198	306184192
649	211000022280153	2198	306446336
650	211000022278628	2196	306708480
651	211000022278359	2192	306970624
652	211000022279039	2190	307232768
653	211000022278467	2189	307494912
654	211000022278555	2189	307757056
655	211000022279476	2187	308019200
656	211000022278652	2185	308281344
657	211000022278775	2177	308543488
658	211000022278205	2176	308805632
659	211000022280223	2173	309067776
660	211000022278853	2166	309329920
661	211000022280133	2161	309592064
662	211000022278616	2161	309854208
663	211000022280500	2157	310116352
664	211000022278825	2147	310378496
665	211000022279834	2139	310640640
666	211000022279084	2132	310902784
667	211000022280176	2129	311164928
668	211000022279307	2126	311427072
669	211000022280135	2124	311689216
670	211000022279663	2124	311951360
671	211000022280631	2119	312213504
672	211000022279756	2117	312475648
673	211000022278353	2114	312737792
674	211000022278320	2113	312999936
675	211000022278490	2113	313262080
676	211000022278343	2113	313524224
677	211000022280617	2112	313786368
678	211000022279305	2109	314048512
679	211000022280070	2108	314310656
680	211000022278968	2105	314572800
681	211000022279470	2105	314834944
682	211000022279310	2103	315097088
683	211000022279807	2102	315359232
684	211000022279583	2096	315621376
685	211000022278840	2096	315883520
686	211000022279063	2094	316145664
687	211000022278874	2094	316407808
688	211000022279044	2092	316669952
689	211000022278206	2090	316932096
690	211000022278431	2089	317194240
691	211000022278138	2088	317456384
692	211000022279804	2087	317718528
693	211000022278464	2087	317980672
694	211000022278522	2086	318242816
695	211000022278711	2084	318504960
696	211000022278919	2081	318767104
697	211000022278845	2079	319029248
698	211000022279942	2079	319291392
699	211000022278226	2078	319553536
700	211000022278216	2076	319815680
701	211000022279601	2068	320077824
702	211000022279641	2064	320339968
703	211000022280294	2063	320602112
704	211000022279937	2063	320864256
705	211000022280143	2062	321126400
706	211000022279096	2060	321388544
707	211000022279715	2060	321650688
708	211000022279517	2060	321912832
709	211000022278506	2059	322174976
710	211000022279733	2050	322437120
711	211000022279376	2046	322699264
712	211000022279332	2044	322961408
713	211000022278439	2043	323223552
714	211000022278695	2035	323485696
715	211000022278922	2033	323747840
716	211000022278780	2033	324009984
717	211000022279198	2030	324272128
718	211000022278707	2027	324534272
719	211000022278817	2021	324796416
720	211000022278047	2020	325058560
721	211000022278284	2017	325320704
722	211000022280151	2014	325582848
723	211000022279237	2010	325844992
724	211000022280594	2009	326107136
725	211000022278120	2008	326369280
726	211000022278254	2006	326631424
727	211000022280192	2006	326893568
728	211000022278589	2005	327155712
729	211000022278984	2005	327417856
730	211000022279162	1998	327680000
731	211000022278482	1998	327942144
732	211000022278362	1998	328204288
733	211000022279654	1995	328466432
734	211000022278820	1993	328728576
735	211000022279130	1990	328990720
736	211000022279820	1990	329252864
737	211000022279712	1988	329515008
738	211000022278515	1986	329777152
739	211000022278619	1986	330039296
740	211000022278976	1980	330301440
741	211000022278233	1978	330563584
742	211000022278982	1976	330825728
743	211000022279851	1976	331087872
744	211000022279282	1975	331350016
745	211000022278271	1974	331612160
746	211000022278317	1970	331874304
747	211000022278678	1966	332136448
748	211000022279217	1966	332398592
749	211000022279889	1966	332660736
750	211000022278321	1964	332922880
751	211000022278879	1963	333185024
752	211000022279571	1962	333447168
753	211000022278528	1962	333709312
754	211000022280269	1962	333971456
755	211000022279268	1961	334233600
756	211000022279628	1961	334495744
757	211000022280195	1961	334757888
758	211000022278229	1956	335020032
759	211000022278211	1956	335282176
760	211000022279900	1947	335544320
761	211000022278319	1947	335806464
762	211000022278449	1947	336068608
763	211000022279795	1946	336330752
764	211000022278446	1945	336592896
765	211000022278460	1944	336855040
766	211000022280028	1943	337117184
767	211000022279075	1939	337379328
768	211000022280605	1936	337641472
769	211000022280612	1936	337903616
770	211000022278643	1935	338165760
771	211000022279245	1933	338427904
772	211000022279228	1933	338690048
773	211000022280301	1931	338952192
774	211000022279627	1929	339214336
775	211000022278304	1928	339476480
776	211000022278627	1928	339738624
777	211000022278480	1927	340000768
778	211000022278890	1926	340262912
779	211000022278406	1926	340525056
780	211000022279366	1924	340787200
781	211000022278365	1920	341049344
782	211000022279657	1917	341311488
783	211000022278812	1916	341573632
784	211000022280622	1916	341835776
785	211000022279969	1907	342097920
786	211000022278468	1906	342360064
787	211000022278929	1905	342622208
788	211000022279072	1904	342884352
789	211000022280628	1903	343146496
790	211000022280657	1903	343408640
791	211000022279285	1903	343670784
792	211000022278462	1902	343932928
793	211000022279473	1901	344195072
794	211000022278435	1900	344457216
795	211000022279158	1900	344719360
796	211000022278346	1899	344981504
797	211000022278826	1895	345243648
798	211000022278815	1895	345505792
799	211000022278274	1893	345767936
800	211000022278694	1891	346030080
801	211000022280293	1890	346292224
802	211000022279104	1890	346554368
803	211000022278411	1888	346816512
804	211000022279029	1882	347078656
805	211000022278988	1872	347340800
806	211000022279199	1872	347602944
807	211000022279303	1871	347865088
808	211000022280347	1870	348127232
809	211000022278318	1870	348389376
810	211000022278277	1869	348651520
811	211000022278352	1869	348913664
812	211000022279921	1869	349175808
813	211000022280585	1868	349437952
814	211000022278636	1865	349700096
815	211000022279494	1863	349962240
816	211000022279538	1863	350224384
817	211000022278854	1856	350486528
818	211000022279574	1854	350748672
819	211000022280344	1851	351010816
820	211000022279139	1849	351272960
821	211000022278325	1843	351535104
822	211000022278481	1843	351797248
823	211000022279192	1843	352059392
824	211000022278911	1843	352321536
825	211000022278774	1842	352583680
826	211000022278502	1841	352845824
827	211000022279080	1841	353107968
828	211000022280220	1832	353370112
829	211000022279097	1832	353632256
830	211000022279301	1830	353894400
831	211000022278905	1829	354156544
832	211000022278614	1829	354418688
833	211000022279002	1826	354680832
834	211000022279971	1819	354942976
835	211000022278475	1818	355205120
836	211000022278625	1818	355467264
837	211000022278876	1813	355729408
838	211000022278465	1813	355991552
839	211000022279745	1806	356253696
840	211000022280060	1803	356515840
841	211000022280320	1802	356777984
842	211000022280326	1801	357040128
843	211000022279633	1800	357302272
844	211000022279078	1800	357564416
845	211000022279846	1798	357826560
846	211000022280161	1797	358088704
847	211000022278228	1793	358350848
848	211000022279093	1792	358612992
849	211000022278633	1787	358875136
850	211000022278634	1786	359137280
851	211000022278613	1785	359399424
852	211000022279121	1785	359661568
853	211000022279858	1776	359923712
854	211000022279230	1775	360185856
855	211000022278941	1775	360448000
856	211000022278819	1775	360710144
857	211000022279481	1770	360972288
858	211000022279322	1769	361234432
859	211000022279123	1766	361496576
860	211000022279208	1761	361758720
861	211000022279989	1756	362020864
862	211000022279049	1754	362283008
863	211000022278565	1751	362545152
864	211000022278842	1747	362807296
865	211000022279296	1747	363069440
866	211000022279159	1747	363331584
867	211000022278473	1743	363593728
868	211000022278816	1741	363855872
869	211000022280298	1738	364118016
870	211000022278314	1737	364380160
871	211000022279337	1734	364642304
872	211000022280700	1733	364904448
873	211000022278388	1732	365166592
874	211000022278992	1728	365428736
875	211000022278907	1724	365690880
876	211000022279931	1724	365953024
877	211000022279450	1719	366215168
878	211000022278559	1719	366477312
879	211000022280160	1716	366739456
880	211000022278677	1716	367001600
881	211000022280247	1715	367263744
882	211000022278132	1714	367525888
883	211000022278165	1713	367788032
884	211000022279026	1712	368050176
885	211000022278306	1710	368312320
886	211000022280243	1710	368574464
887	211000022278125	1709	368836608
888	211000022279297	1708	369098752
889	211000022278621	1704	369360896
890	211000022278491	1703	369623040
891	211000022279896	1703	369885184
892	211000022279575	1696	370147328
893	211000022279936	1690	370409472
894	211000022279025	1690	370671616
895	211000022279065	1687	370933760
896	211000022279490	1685	371195904
897	211000022279582	1683	371458048
898	211000022278471	1683	371720192
899	211000022278709	1683	371982336
900	211000022279077	1680	372244480
901	211000022278938	1679	372506624
902	211000022278469	1678	372768768
903	211000022279970	1675	373030912
904	211000022279788	1667	373293056
905	211000022278484	1657	373555200
906	211000022278224	1650	373817344
907	211000022278726	1645	374079488
908	211000022279934	1643	374341632
909	211000022278472	1643	374603776
910	211000022280074	1641	374865920
911	211000022279064	1637	375128064
912	211000022279680	1637	375390208
913	211000022278620	1637	375652352
914	211000022280061	1636	375914496
915	211000022278839	1630	376176640
916	211000022280315	1629	376438784
917	211000022280226	1625	376700928
918	211000022278099	1625	376963072
919	211000022279316	1623	377225216
920	211000022278670	1622	377487360
921	211000022279090	1619	377749504
922	211000022278298	1614	378011648
923	211000022278979	1611	378273792
924	211000022279839	1610	378535936
925	211000022278754	1610	378798080
926	211000022278969	1608	379060224
927	211000022280297	1597	379322368
928	211000022279542	1595	379584512
929	211000022278376	1594	379846656
930	211000022279957	1586	380108800
931	211000022280131	1586	380370944
932	211000022278525	1586	380633088
933	211000022279040	1581	380895232
934	211000022278584	1577	381157376
935	211000022279691	1577	381419520
936	211000022278323	1575	381681664
937	211000022279076	1573	381943808
938	211000022278176	1571	382205952
939	211000022278597	1567	382468096
940	211000022278866	1566	382730240
941	211000022278315	1560	382992384
942	211000022280292	1560	383254528
943	211000022278857	1558	383516672
944	211000022279244	1556	383778816
945	211000022280029	1556	384040960
946	211000022280196	1555	384303104
947	211000022280694	1553	384565248
948	211000022278334	1552	384827392
949	211000022278891	1550	385089536
950	211000022278655	1550	385351680
951	211000022278521	1549	385613824
952	211000022278671	1546	385875968
953	211000022278850	1544	386138112
954	211000022279842	1543	386400256
955	211000022278232	1541	386662400
956	211000022278244	1540	386924544
957	211000022279246	1538	387186688
958	211000022279686	1534	387448832
959	211000022278451	1533	387710976
960	211000022280159	1533	387973120
961	211000022279671	1532	388235264
962	211000022279295	1529	388497408
963	211000022280325	1527	388759552
964	211000022278692	1525	389021696
965	211000022278307	1525	389283840
966	211000022279870	1525	389545984
967	211000022278947	1521	389808128
968	211000022280221	1520	390070272
969	211000022278693	1519	390332416
970	211000022278733	1518	390594560
971	211000022278227	1516	390856704
972	211000022279515	1510	391118848
973	211000022278861	1509	391380992
974	211000022278210	1508	391643136
975	211000022278786	1504	391905280
976	211000022278182	1504	392167424
977	211000022278594	1502	392429568
978	211000022280102	1494	392691712
979	211000022279074	1492	392953856
980	211000022279619	1492	393216000
981	211000022278721	1490	393478144
982	211000022279066	1489	393740288
983	211000022278829	1488	394002432
984	211000022279540	1487	394264576
985	211000022280338	1487	394526720
986	211000022278872	1485	394788864
987	211000022279207	1484	395051008
988	211000022278827	1482	395313152
989	211000022278512	1478	395575296
990	211000022278851	1476	395837440
991	211000022278456	1475	396099584
992	211000022280031	1473	396361728
993	211000022280235	1471	396623872
994	211000022279152	1468	396886016
995	211000022279904	1467	397148160
996	211000022278550	1466	397410304
997	211000022279696	1464	397672448
998	211000022279664	1462	397934592
999	211000022279509	1461	398196736
1000	211000022278414	1461	398458880
1001	211000022278214	1459	398721024
1002	211000022279204	1458	398983168
1003	211000022279963	1456	399245312
1004	211000022278252	1453	399507456
1005	211000022278690	1452	399769600
1006	211000022278618	1452	400031744
1007	211000022279793	1451	400293888
1008	211000022278286	1446	400556032
1009	211000022279875	1446	400818176
1010	211000022279522	1445	401080320
1011	211000022278997	1443	401342464
1012	211000022278340	1441	401604608
1013	211000022279876	1440	401866752
1014	211000022278262	1436	402128896
1015	211000022279437	1432	402391040
1016	211000022278139	1432	402653184
1017	211000022278568	1432	402915328
1018	211000022279748	1430	403177472
1019	211000022279950	1429	403439616
1020	211000022279600	1429	403701760
1021	211000022279112	1425	403963904
1022	211000022280009	1424	404226048
1023	211000022279749	1424	404488192
1024	211000022278322	1424	404750336
1025	211000022278838	1423	405012480
1026	211000022279507	1422	405274624
1027	211000022279068	1421	405536768
1028	211000022278837	1419	405798912
1029	211000022278558	1416	406061056
1030	211000022278420	1416	406323200
1031	211000022278366	1416	406585344
1032	211000022278548	1415	406847488
1033	211000022278342	1412	407109632
1034	211000022278949	1412	407371776
1035	211000022279464	1411	407633920
1036	211000022280706	1410	407896064
1037	211000022278646	1408	408158208
1038	211000022279454	1408	408420352
1039	211000022279529	1407	408682496
1040	211000022280336	1406	408944640
1041	211000022278167	1404	409206784
1042	211000022279888	1402	409468928
1043	211000022278038	1395	409731072
1044	211000022280322	1394	409993216
1045	211000022279279	1393	410255360
1046	211000022278593	1391	410517504
1047	211000022280644	1391	410779648
1048	211000022279694	1391	411041792
1049	211000022280346	1386	411303936
1050	211000022278822	1386	411566080
1051	211000022280676	1385	411828224
1052	211000022279737	1384	412090368
1053	211000022280116	1383	412352512
1054	211000022279907	1382	412614656
1055	211000022278644	1381	412876800
1056	211000022279890	1381	413138944
1057	211000022278256	1380	413401088
1058	211000022278836	1380	413663232
1059	211000022279593	1379	413925376
1060	211000022278676	1378	414187520
1061	211000022279393	1377	414449664
1062	211000022280181	1377	414711808
1063	211000022280071	1377	414973952
1064	211000022279433	1377	415236096
1065	211000022278855	1376	415498240
1066	211000022279371	1375	415760384
1067	211000022279023	1374	416022528
1068	211000022278575	1374	416284672
1069	211000022278689	1373	416546816
1070	211000022280341	1371	416808960
1071	211000022279324	1369	417071104
1072	211000022280030	1368	417333248
1073	211000022278413	1366	417595392
1074	211000022280022	1361	417857536
1075	211000022279484	1360	418119680
1076	211000022279365	1356	418381824
1077	211000022279392	1356	418643968
1078	211000022278476	1355	418906112
1079	211000022278609	1355	419168256
1080	211000022279100	1352	419430400
1081	211000022280327	1351	419692544
1082	211000022278757	1347	419954688
1083	211000022279415	1347	420216832
1084	211000022278157	1346	420478976
1085	211000022278793	1344	420741120
1086	211000022278127	1343	421003264
1087	211000022280044	1341	421265408
1088	211000022280343	1340	421527552
1089	211000022279073	1340	421789696
1090	211000022280162	1340	422051840
1091	211000022279421	1339	422313984
1092	211000022280206	1339	422576128
1093	211000022279871	1337	422838272
1094	211000022278212	1337	423100416
1095	211000022278832	1336	423362560
1096	211000022278151	1334	423624704
1097	211000022280140	1333	423886848
1098	211000022279550	1333	424148992
1099	211000022279274	1333	424411136
1100	211000022279685	1332	424673280
1101	211000022279485	1330	424935424
1102	211000022278144	1330	425197568
1103	211000022278865	1328	425459712
1104	211000022278470	1327	425721856
1105	211000022279079	1326	425984000
1106	211000022280034	1326	426246144
1107	211000022278830	1323	426508288
1108	211000022279516	1323	426770432
1109	211000022279404	1322	427032576
1110	211000022279106	1316	427294720
1111	211000022278194	1315	427556864
1112	211000022279343	1315	427819008
1113	211000022278492	1315	428081152
1114	211000022279674	1315	428343296
1115	211000022278268	1312	428605440
1116	211000022279362	1311	428867584
1117	211000022278122	1311	429129728
1118	211000022279944	1310	429391872
1119	211000022278204	1310	429654016
1120	211000022279388	1309	429916160
1121	211000022278714	1308	430178304
1122	211000022279767	1306	430440448
1123	211000022279560	1304	430702592
1124	211000022279143	1304	430964736
1125	211000022279354	1304	431226880
1126	211000022278899	1304	431489024
1127	211000022278894	1303	431751168
1128	211000022278722	1303	432013312
1129	211000022278915	1302	432275456
1130	211000022278408	1301	432537600
1131	211000022279984	1301	432799744
1132	211000022279048	1299	433061888
1133	211000022279319	1297	433324032
1134	211000022278153	1297	433586176
1135	211000022278574	1297	433848320
1136	211000022278607	1296	434110464
1137	211000022278487	1295	434372608
1138	211000022280007	1294	434634752
1139	211000022279699	1294	434896896
1140	211000022278735	1294	435159040
1141	211000022278962	1293	435421184
1142	211000022280191	1291	435683328
1143	211000022279723	1290	435945472
1144	211000022279087	1289	436207616
1145	211000022279318	1287	436469760
1146	211000022279692	1286	436731904
1147	211000022279580	1285	436994048
1148	211000022278405	1284	437256192
1149	211000022279328	1284	437518336
1150	211000022279835	1283	437780480
1151	211000022278324	1283	438042624
1152	211000022278418	1282	438304768
1153	211000022279998	1281	438566912
1154	211000022279770	1280	438829056
1155	211000022278604	1280	439091200
1156	211000022279926	1279	439353344
1157	211000022279411	1278	439615488
1158	211000022278338	1278	439877632
1159	211000022278980	1278	440139776
1160	211000022280157	1277	440401920
1161	211000022278348	1277	440664064
1162	211000022279182	1277	440926208
1163	211000022280152	1276	441188352
1164	211000022279805	1275	441450496
1165	211000022279708	1275	441712640
1166	211000022279656	1274	441974784
1167	211000022280262	1274	442236928
1168	211000022278356	1272	442499072
1169	211000022279978	1271	442761216
1170	211000022278856	1271	443023360
1171	211000022279269	1271	443285504
1172	211000022280174	1271	443547648
1173	211000022279378	1271	443809792
1174	211000022279724	1270	444071936
1175	211000022279496	1270	444334080
1176	211000022278580	1270	444596224
1177	211000022279764	1269	444858368
1178	211000022279045	1268	445120512
1179	211000022278791	1268	445382656
1180	211000022279441	1266	445644800
1181	211000022279721	1265	445906944
1182	211000022278973	1264	446169088
1183	211000022278993	1263	446431232
1184	211000022278773	1263	446693376
1185	211000022279015	1263	446955520
1186	211000022278932	1262	447217664
1187	211000022278889	1262	447479808
1188	211000022278302	1262	447741952
1189	211000022280224	1261	448004096
1190	211000022279856	1261	448266240
1191	211000022278756	1260	448528384
1192	211000022279528	1260	448790528
1193	211000022279615	1260	449052672
1194	211000022280091	1260	449314816
1195	211000022278281	1259	449576960
1196	211000022278382	1258	449839104
1197	211000022278887	1258	450101248
1198	211000022278187	1258	450363392
1199	211000022279610	1257	450625536
1200	211000022279071	1253	450887680
1201	211000022279172	1253	451149824
1202	211000022278691	1252	451411968
1203	211000022278848	1251	451674112
1204	211000022278843	1251	451936256
1205	211000022280020	1251	452198400
1206	211000022280045	1251	452460544
1207	211000022278161	1250	452722688
1208	211000022279432	1249	452984832
1209	211000022279990	1248	453246976
1210	211000022278717	1247	453509120
1211	211000022280177	1246	453771264
1212	211000022279218	1246	454033408
1213	211000022278478	1244	454295552
1214	211000022279725	1243	454557696
1215	211000022280678	1242	454819840
1216	211000022279491	1241	455081984
1217	211000022278943	1241	455344128
1218	211000022278631	1241	455606272
1219	211000022278505	1240	455868416
1220	211000022278808	1240	456130560
1221	211000022280053	1240	456392704
1222	211000022280304	1239	456654848
1223	211000022278971	1238	456916992
1224	211000022278814	1238	457179136
1225	211000022278882	1238	457441280
1226	211000022278640	1238	457703424
1227	211000022278135	1237	457965568
1228	211000022279124	1236	458227712
1229	211000022279412	1235	458489856
1230	211000022279570	1235	458752000
1231	211000022279267	1234	459014144
1232	211000022279728	1234	459276288
1233	211000022278369	1234	459538432
1234	211000022279417	1233	459800576
1235	211000022278654	1233	460062720
1236	211000022278136	1232	460324864
1237	211000022279144	1231	460587008
1238	211000022278727	1231	460849152
1239	211000022280210	1231	461111296
1240	211000022279183	1231	461373440
1241	211000022279678	1230	461635584
1242	211000022278582	1229	461897728
1243	211000022280179	1229	462159872
1244	211000022278632	1228	462422016
1245	211000022279645	1227	462684160
1246	211000022280318	1227	462946304
1247	211000022279918	1227	463208448
1248	211000022279156	1227	463470592
1249	211000022279778	1226	463732736
1250	211000022279979	1226	463994880
1251	211000022278242	1226	464257024
1252	211000022280139	1225	464519168
1253	211000022280303	1225	464781312
1254	211000022278755	1225	465043456
1255	211000022279128	1225	465305600
1256	211000022280126	1225	465567744
1257	211000022280085	1225	465829888
1258	211000022279682	1224	466092032
1259	211000022278798	1224	466354176
1260	211000022279590	1224	466616320
1261	211000022279047	1224	466878464
1262	211000022280308	1223	467140608
1263	211000022278624	1223	467402752
1264	211000022278758	1223	467664896
1265	211000022278935	1222	467927040
1266	211000022278651	1222	468189184
1267	211000022278637	1221	468451328
1268	211000022280230	1220	468713472
1269	211000022278297	1220	468975616
1270	211000022279647	1219	469237760
1271	211000022279017	1219	469499904
1272	211000022280081	1219	469762048
1273	211000022279335	1218	470024192
1274	211000022279872	1218	470286336
1275	211000022278196	1214	470548480
1276	211000022280691	1213	470810624
1277	211000022279860	1212	471072768
1278	211000022279554	1212	471334912
1279	211000022279991	1211	471597056
1280	211000022279300	1211	471859200
1281	211000022279185	1210	472121344
1282	211000022280314	1209	472383488
1283	211000022279302	1209	472645632
1284	211000022279648	1209	472907776
1285	211000022279862	1208	473169920
1286	211000022279480	1208	473432064
1287	211000022278748	1208	473694208
1288	211000022279729	1208	473956352
1289	211000022279819	1207	474218496
1290	211000022278409	1206	474480640
1291	211000022279591	1205	474742784
1292	211000022278729	1205	475004928
1293	211000022279853	1205	475267072
1294	211000022279425	1203	475529216
1295	211000022279445	1203	475791360
1296	211000022280154	1203	476053504
1297	211000022279413	1202	476315648
1298	211000022280090	1202	476577792
1299	211000022280120	1201	476839936
1300	211000022278430	1200	477102080
1301	211000022279531	1200	477364224
1302	211000022279127	1200	477626368
1303	211000022280121	1199	477888512
1304	211000022278503	1199	478150656
1305	211000022279555	1198	478412800
1306	211000022278569	1198	478674944
1307	211000022279462	1197	478937088
1308	211000022280345	1197	479199232
1309	211000022278290	1195	479461376
1310	211000022278547	1195	479723520
1311	211000022278466	1195	479985664
1312	211000022279174	1195	480247808
1313	211000022278231	1195	480509952
1314	211000022278769	1194	480772096
1315	211000022279758	1193	481034240
1316	211000022280076	1193	481296384
1317	211000022279444	1193	481558528
1318	211000022278171	1193	481820672
1319	211000022278990	1192	482082816
1320	211000022279498	1192	482344960
1321	211000022278951	1192	482607104
1322	211000022280083	1191	482869248
1323	211000022279789	1191	483131392
1324	211000022280319	1190	483393536
1325	211000022278668	1190	483655680
1326	211000022278407	1190	483917824
1327	211000022278479	1189	484179968
1328	211000022280689	1189	484442112
1329	211000022279095	1189	484704256
1330	211000022279738	1189	484966400
1331	211000022278370	1189	485228544
1332	211000022278925	1189	485490688
1333	211000022279508	1188	485752832
1334	211000022279406	1186	486014976
1335	211000022278355	1186	486277120
1336	211000022278142	1186	486539264
1337	211000022279660	1186	486801408
1338	211000022279536	1186	487063552
1339	211000022279358	1185	487325696
1340	211000022279290	1185	487587840
1341	211000022278091	1185	487849984
1342	211000022279631	1185	488112128
1343	211000022278910	1184	488374272
1344	211000022279830	1184	488636416
1345	211000022279339	1184	488898560
1346	211000022278202	1184	489160704
1347	211000022280194	1182	489422848
1348	211000022279974	1182	489684992
1349	211000022279831	1181	489947136
1350	211000022278429	1181	490209280
1351	211000022280077	1181	490471424
1352	211000022279622	1179	490733568
1353	211000022279375	1179	490995712
1354	211000022278702	1179	491257856
1355	211000022278166	1178	491520000
1356	211000022280225	1178	491782144
1357	211000022279317	1178	492044288
1358	211000022279505	1178	492306432
1359	211000022278265	1178	492568576
1360	211000022279012	1178	492830720
1361	211000022280183	1177	493092864
1362	211000022279452	1176	493355008
1363	211000022278497	1175	493617152
1364	211000022279501	1175	493879296
1365	211000022278610	1174	494141440
1366	211000022279811	1174	494403584
1367	211000022279360	1173	494665728
1368	211000022278688	1173	494927872
1369	211000022279803	1173	495190016
1370	211000022279679	1171	495452160
1371	211000022279956	1171	495714304
1372	211000022278432	1171	495976448
1373	211000022279999	1171	496238592
1374	211000022279669	1170	496500736
1375	211000022279410	1169	496762880
1376	211000022279668	1169	497025024
1377	211000022278940	1168	497287168
1378	211000022280257	1167	497549312
1379	211000022278781	1167	497811456
1380	211000022278897	1167	498073600
1381	211000022279333	1166	498335744
1382	211000022280164	1166	498597888
1383	211000022279266	1166	498860032
1384	211000022279549	1166	499122176
1385	211000022278673	1165	499384320
1386	211000022278423	1165	499646464
1387	211000022278950	1164	499908608
1388	211000022278296	1163	500170752
1389	211000022278119	1163	500432896
1390	211000022279655	1163	500695040
1391	211000022278267	1163	500957184
1392	211000022279006	1163	501219328
1393	211000022279986	1163	501481472
1394	211000022278313	1162	501743616
1395	211000022279280	1162	502005760
1396	211000022278520	1162	502267904
1397	211000022279833	1161	502530048
1398	211000022278708	1161	502792192
1399	211000022279304	1161	503054336
1400	211000022278901	1160	503316480
1401	211000022278170	1160	503578624
1402	211000022278184	1160	503840768
1403	211000022279857	1159	504102912
1404	211000022279164	1159	504365056
1405	211000022278403	1159	504627200
1406	211000022278477	1159	504889344
1407	211000022279135	1159	505151488
1408	211000022279773	1158	505413632
1409	211000022279511	1158	505675776
1410	211000022278946	1158	505937920
1411	211000022278416	1157	506200064
1412	211000022279069	1157	506462208
1413	211000022279448	1156	506724352
1414	211000022279309	1156	506986496
1415	211000022278892	1155	507248640
1416	211000022279153	1155	507510784
1417	211000022278283	1155	507772928
1418	211000022278499	1155	508035072
1419	211000022279469	1154	508297216
1420	211000022278295	1154	508559360
1421	211000022279726	1154	508821504
1422	211000022279474	1154	509083648
1423	211000022278174	1153	509345792
1424	211000022280688	1153	509607936
1425	211000022279881	1153	509870080
1426	211000022278995	1152	510132224
1427	211000022280056	1152	510394368
1428	211000022278134	1152	510656512
1429	211000022278391	1152	510918656
1430	211000022279487	1151	511180800
1431	211000022280106	1150	511442944
1432	211000022278870	1150	511705088
1433	211000022279232	1148	511967232
1434	211000022280124	1148	512229376
1435	211000022279722	1148	512491520
1436	211000022278191	1148	512753664
1437	211000022279181	1148	513015808
1438	211000022278096	1148	513277952
1439	211000022278401	1147	513540096
1440	211000022279352	1147	513802240
1441	211000022280130	1147	514064384
1442	211000022278663	1146	514326528
1443	211000022279148	1146	514588672
1444	211000022279935	1146	514850816
1445	211000022279690	1145	515112960
1446	211000022278760	1144	515375104
1447	211000022279175	1144	515637248
1448	211000022280180	1144	515899392
1449	211000022279901	1144	516161536
1450	211000022278263	1144	516423680
1451	211000022280704	1143	516685824
1452	211000022278033	1143	516947968
1453	211000022280018	1142	517210112
1454	211000022278936	1142	517472256
1455	211000022279361	1142	517734400
1456	211000022279987	1141	517996544
1457	211000022279995	1141	518258688
1458	211000022278745	1140	518520832
1459	211000022279938	1140	518782976
1460	211000022279603	1140	519045120
1461	211000022278143	1140	519307264
1462	211000022278807	1139	519569408
1463	211000022278928	1139	519831552
1464	211000022279458	1139	520093696
1465	211000022279418	1139	520355840
1466	211000022279422	1139	520617984
1467	211000022278294	1138	520880128
1468	211000022280232	1137	521142272
1469	211000022279222	1136	521404416
1470	211000022279941	1136	521666560
1471	211000022278333	1136	521928704
1472	211000022279391	1136	522190848
1473	211000022279115	1135	522452992
1474	211000022278221	1135	522715136
1475	211000022279543	1135	522977280
1476	211000022278750	1134	523239424
1477	211000022278450	1134	523501568
1478	211000022279747	1134	523763712
1479	211000022280017	1134	524025856
1480	211000022278516	1133	524288000
1481	211000022279744	1133	524550144
1482	211000022278958	1133	524812288
1483	211000022279088	1132	525074432
1484	211000022279125	1132	525336576
1485	211000022279799	1132	525598720
1486	211000022278140	1132	525860864
1487	211000022279800	1131	526123008
1488	211000022278906	1131	526385152
1489	211000022278977	1131	526647296
1490	211000022278445	1130	526909440
1491	211000022278788	1130	527171584
1492	211000022278485	1130	527433728
1493	211000022279684	1129	527695872
1494	211000022279899	1129	527958016
1495	211000022278987	1129	528220160
1496	211000022278933	1129	528482304
1497	211000022278072	1127	528744448
1498	211000022278920	1127	529006592
1499	211000022278959	1126	529268736
1500	211000022278412	1126	529530880
1501	211000022278123	1126	529793024
1502	211000022279564	1126	530055168
1503	211000022279212	1126	530317312
1504	211000022279407	1125	530579456
1505	211000022278877	1125	530841600
1506	211000022279652	1124	531103744
1507	211000022278751	1124	531365888
1508	211000022278511	1123	531628032
1509	211000022280268	1123	531890176
1510	211000022279055	1123	532152320
1511	211000022278145	1123	532414464
1512	211000022278328	1123	532676608
1513	211000022279910	1122	532938752
1514	211000022278360	1121	533200896
1515	211000022278747	1120	533463040
1516	211000022279240	1119	533725184
1517	211000022279221	1119	533987328
1518	211000022278514	1118	534249472
1519	211000022279493	1118	534511616
1520	211000022279400	1118	534773760
1521	211000022279165	1118	535035904
1522	211000022278944	1117	535298048
1523	211000022279576	1117	535560192
1524	211000022279042	1117	535822336
1525	211000022279985	1117	536084480
1526	211000022279632	1117	536346624
1527	211000022279769	1117	536608768
1528	211000022278736	1116	536870912
1529	211000022279546	1116	537133056
1530	211000022279203	1116	537395200
1531	211000022280312	1116	537657344
1532	211000022279618	1116	537919488
1533	211000022279845	1116	538181632
1534	211000022279666	1115	538443776
1535	211000022278257	1115	538705920
1536	211000022279108	1115	538968064
1537	211000022278886	1114	539230208
1538	211000022279874	1114	539492352
1539	211000022278533	1114	539754496
1540	211000022278248	1114	540016640
1541	211000022279399	1114	540278784
1542	211000022279325	1114	540540928
1543	211000022280173	1112	540803072
1544	211000022280023	1112	541065216
1545	211000022280702	1112	541327360
1546	211000022278200	1112	541589504
1547	211000022279813	1111	541851648
1548	211000022280331	1110	542113792
1549	211000022279102	1110	542375936
1550	211000022278309	1110	542638080
1551	211000022279236	1110	542900224
1552	211000022278873	1109	543162368
1553	211000022279859	1109	543424512
1554	211000022279014	1109	543686656
1555	211000022280000	1109	543948800
1556	211000022279414	1108	544210944
1557	211000022279933	1108	544473088
1558	211000022278285	1107	544735232
1559	211000022278725	1107	544997376
1560	211000022279510	1107	545259520
1561	211000022279923	1106	545521664
1562	211000022279005	1106	545783808
1563	211000022278603	1105	546045952
1564	211000022278345	1105	546308096
1565	211000022280097	1105	546570240
1566	211000022280123	1105	546832384
1567	211000022279355	1105	547094528
1568	211000022279359	1105	547356672
1569	211000022279160	1103	547618816
1570	211000022279659	1103	547880960
1571	211000022278862	1103	548143104
1572	211000022279604	1102	548405248
1573	211000022280193	1102	548667392
1574	211000022280150	1102	548929536
1575	211000022279965	1101	549191680
1576	211000022280079	1101	549453824
1577	211000022278201	1101	549715968
1578	211000022278880	1100	549978112
1579	211000022279832	1100	550240256
1580	211000022278197	1099	550502400
1581	211000022280685	1099	550764544
1582	211000022279227	1098	551026688
1583	211000022279057	1098	551288832
1584	211000022279586	1098	551550976
1585	211000022278090	1097	551813120
1586	211000022279051	1097	552075264
1587	211000022278326	1097	552337408
1588	211000022279975	1096	552599552
1589	211000022280256	1096	552861696
1590	211000022279336	1094	553123840
1591	211000022279067	1093	553385984
1592	211000022278236	1092	553648128
1593	211000022279880	1091	553910272
1594	211000022278833	1091	554172416
1595	211000022279151	1090	554434560
1596	211000022280291	1090	554696704
1597	211000022278537	1090	554958848
1598	211000022280075	1090	555220992
1599	211000022279661	1090	555483136
1600	211000022279943	1089	555745280
1601	211000022279672	1089	556007424
1602	211000022278909	1088	556269568
1603	211000022279374	1088	556531712
1604	211000022279533	1088	556793856
1605	211000022278349	1088	557056000
1606	211000022279403	1087	557318144
1607	211000022280065	1087	557580288
1608	211000022279551	1087	557842432
1609	211000022278223	1086	558104576
1610	211000022279605	1086	558366720
1611	211000022280051	1086	558628864
1612	211000022278803	1086	558891008
1613	211000022278486	1084	559153152
1614	211000022278660	1084	559415296
1615	211000022280240	1084	559677440
1616	211000022278761	1084	559939584
1617	211000022280019	1084	560201728
1618	211000022279569	1083	560463872
1619	211000022279578	1083	560726016
1620	211000022279781	1083	560988160
1621	211000022278573	1082	561250304
1622	211000022278623	1082	561512448
1623	211000022278592	1081	561774592
1624	211000022278859	1081	562036736
1625	211000022279824	1080	562298880
1626	211000022279369	1080	562561024
1627	211000022278878	1080	562823168
1628	211000022279154	1079	563085312
1629	211000022280084	1079	563347456
1630	211000022278371	1078	563609600
1631	211000022279467	1078	563871744
1632	211000022278301	1078	564133888
1633	211000022278524	1078	564396032
1634	211000022278241	1077	564658176
1635	211000022279252	1077	564920320
1636	211000022278776	1076	565182464
1637	211000022279013	1076	565444608
1638	211000022279155	1076	565706752
1639	211000022279141	1076	565968896
1640	211000022278917	1075	566231040
1641	211000022278813	1075	566493184
1642	211000022279459	1075	566755328
1643	211000022278903	1075	567017472
1644	211000022279959	1074	567279616
1645	211000022278704	1074	567541760
1646	211000022280054	1074	567803904
1647	211000022278730	1074	568066048
1648	211000022279007	1073	568328192
1649	211000022279988	1072	568590336
1650	211000022278600	1072	568852480
1651	211000022279882	1071	569114624
1652	211000022278311	1071	569376768
1653	211000022279430	1070	569638912
1654	211000022278441	1070	569901056
1655	211000022279624	1070	570163200
1656	211000022279742	1069	570425344
1657	211000022279592	1069	570687488
1658	211000022279486	1068	570949632
1659	211000022278526	1067	571211776
1660	211000022278635	1067	571473920
1661	211000022280350	1067	571736064
1662	211000022279405	1066	571998208
1663	211000022279727	1064	572260352
1664	211000022279137	1064	572522496
1665	211000022279149	1064	572784640
1666	211000022279306	1063	573046784
1667	211000022279385	1063	573308928
1668	211000022278699	1063	573571072
1669	211000022278253	1063	573833216
1670	211000022279584	1063	574095360
1671	211000022278276	1063	574357504
1672	211000022278787	1063	574619648
1673	211000022278534	1063	574881792
1674	211000022278385	1062	575143936
1675	211000022278540	1062	575406080
1676	211000022280142	1062	575668224
1677	211000022278852	1062	575930368
1678	211000022279242	1062	576192512
1679	211000022278260	1061	576454656
1680	211000022279927	1060	576716800
1681	211000022278881	1060	576978944
1682	211000022279031	1060	577241088
1683	211000022279034	1059	577503232
1684	211000022279952	1059	577765376
1685	211000022278720	1059	578027520
1686	211000022280125	1058	578289664
1687	211000022279801	1058	578551808
1688	211000022279782	1058	578813952
1689	211000022278106	1058	579076096
1690	211000022279327	1057	579338240
1691	211000022278417	1056	579600384
1692	211000022279211	1056	579862528
1693	211000022278989	1056	580124672
1694	211000022279377	1056	580386816
1695	211000022278841	1055	580648960
1696	211000022278459	1055	580911104
1697	211000022279814	1055	581173248
1698	211000022278571	1054	581435392
1699	211000022279314	1054	581697536
1700	211000022279572	1053	581959680
1701	211000022279677	1053	582221824
1702	211000022279885	1053	582483968
1703	211000022279861	1053	582746112
1704	211000022279506	1053	583008256
1705	211000022278835	1052	583270400
1706	211000022278530	1052	583532544
1707	211000022278199	1052	583794688
1708	211000022279291	1051	584056832
1709	211000022278419	1051	584318976
1710	211000022280040	1051	584581120
1711	211000022278357	1051	584843264
1712	211000022278647	1051	585105408
1713	211000022278410	1050	585367552
1714	211000022280043	1050	585629696
1715	211000022278682	1049	585891840
1716	211000022279086	1049	586153984
1717	211000022279424	1049	586416128
1718	211000022278501	1049	586678272
1719	211000022278237	1049	586940416
1720	211000022279286	1048	587202560
1721	211000022280149	1048	587464704
1722	211000022278705	1048	587726848
1723	211000022280069	1048	587988992
1724	211000022279258	1048	588251136
1725	211000022278804	1047	588513280
1726	211000022278339	1047	588775424
1727	211000022278504	1047	589037568
1728	211000022278641	1047	589299712
1729	211000022279438	1046	589561856
1730	211000022279168	1045	589824000
1731	211000022279465	1045	590086144
1732	211000022278240	1045	590348288
1733	211000022278535	1045	590610432
1734	211000022278985	1044	590872576
1735	211000022279387	1044	591134720
1736	211000022278427	1044	591396864
1737	211000022279771	1043	591659008
1738	211000022278996	1043	591921152
1739	211000022280168	1042	592183296
1740	211000022279740	1042	592445440
1741	211000022279083	1042	592707584
1742	211000022279492	1042	592969728
1743	211000022278599	1042	593231872
1744	211000022278983	1041	593494016
1745	211000022279329	1041	593756160
1746	211000022278956	1041	594018304
1747	211000022278715	1040	594280448
1748	211000022278305	1040	594542592
1749	211000022280117	1040	594804736
1750	211000022279271	1040	595066880
1751	211000022280025	1039	595329024
1752	211000022280072	1039	595591168
1753	211000022279443	1039	595853312
1754	211000022278824	1038	596115456
1755	211000022278517	1038	596377600
1756	211000022278291	1038	596639744
1757	211000022278617	1037	596901888
1758	211000022279518	1037	597164032
1759	211000022279908	1037	597426176
1760	211000022278818	1037	597688320
1761	211000022278596	1036	597950464
1762	211000022278158	1036	598212608
1763	211000022279050	1035	598474752
1764	211000022278538	1035	598736896
1765	211000022279053	1035	598999040
1766	211000022278562	1035	599261184
1767	211000022278970	1035	599523328
1768	211000022278772	1033	599785472
1769	211000022279906	1033	600047616
1770	211000022278453	1033	600309760
1771	211000022278541	1033	600571904
1772	211000022278965	1032	600834048
1773	211000022280178	1032	601096192
1774	211000022279599	1032	601358336
1775	211000022280014	1031	601620480
1776	211000022279315	1031	601882624
1777	211000022279356	1031	602144768
1778	211000022278680	1030	602406912
1779	211000022278588	1030	602669056
1780	211000022280057	1030	602931200
1781	211000022279791	1029	603193344
1782	211000022279802	1029	603455488
1783	211000022280011	1029	603717632
1784	211000022279117	1029	603979776
1785	211000022278939	1029	604241920
1786	211000022278948	1029	604504064
1787	211000022278386	1029	604766208
1788	211000022278834	1028	605028352
1789	211000022280266	1028	605290496
1790	211000022279111	1027	605552640
1791	211000022278884	1027	605814784
1792	211000022279272	1027	606076928
1793	211000022279120	1026	606339072
1794	211000022279351	1026	606601216
1795	211000022278898	1025	606863360
1796	211000022278377	1025	607125504
1797	211000022278972	1025	607387648
1798	211000022278207	1025	607649792
1799	211000022278669	1023	607911936
1800	211000022279526	1023	608174080
1801	211000022279289	1022	608436224
1802	211000022279262	1022	608698368
1803	211000022279195	1022	608960512
1804	211000022278474	1022	609222656
1805	211000022279954	1021	609484800
1806	211000022279809	1021	609746944
1807	211000022278031	1021	610009088
1808	211000022278710	1020	610271232
1809	211000022278287	1020	610533376
1810	211000022278585	1020	610795520
1811	211000022279785	1019	611057664
1812	211000022279308	1019	611319808
1813	211000022280681	1019	611581952
1814	211000022279264	1019	611844096
1815	211000022278638	1019	612106240
1816	211000022278759	1018	612368384
1817	211000022278350	1018	612630528
1818	211000022278626	1018	612892672
1819	211000022279644	1018	613154816
1820	211000022279736	1016	613416960
1821	211000022279741	1016	613679104
1822	211000022279626	1016	613941248
1823	211000022279113	1015	614203392
1824	211000022279609	1015	614465536
1825	211000022279693	1014	614727680
1826	211000022279972	1014	614989824
1827	211000022278424	1014	615251968
1828	211000022280290	1014	615514112
1829	211000022279792	1014	615776256
1830	211000022278247	1013	616038400
1831	211000022279010	1013	616300544
1832	211000022278258	1013	616562688
1833	211000022279670	1012	616824832
1834	211000022279215	1012	617086976
1835	211000022279589	1012	617349120
1836	211000022278458	1012	617611264
1837	211000022279134	1012	617873408
1838	211000022278483	1011	618135552
1839	211000022279180	1011	618397696
1840	211000022279342	1011	618659840
1841	211000022279946	1011	618921984
1842	211000022279235	1010	619184128
1843	211000022278272	1010	619446272
1844	211000022279646	1010	619708416
1845	211000022279639	1010	619970560
1846	211000022279720	1008	620232704
1847	211000022279200	1008	620494848
1848	211000022278095	1008	620756992
1849	211000022278488	1007	621019136
1850	211000022278650	1007	621281280
1851	211000022279353	1006	621543424
1852	211000022278152	1006	621805568
1853	211000022278718	1006	622067712
1854	211000022279132	1005	622329856
1855	211000022278811	1005	622592000
1856	211000022280165	1005	622854144
1857	211000022278539	1005	623116288
1858	211000022279384	1005	623378432
1859	211000022278137	1004	623640576
1860	211000022278230	1004	623902720
1861	211000022279103	1004	624164864
1862	211000022279409	1004	624427008
1863	211000022278074	1003	624689152
1864	211000022278384	1001	624951296
1865	211000022278179	1001	625213440
1866	211000022279016	1001	625475584
1867	211000022278495	1001	625737728
1868	211000022278576	1001	625999872
1869	211000022280427	564	626262016
1870	211000022279089	544	626524160
--sjdbOverhang = 100 taken from the generated genome
Started loading the genome: Fri Oct 16 12:26:28 2020

Genome: size given as a parameter = 638902383
SA: size given as a parameter = 1275687801
SAindex: size given as a parameter = 1
Read from SAindex: pGe.gSAindexNbases=12  nSAi=22369620
nGenome=638902383;  nSAbyte=1275687801
GstrandBit=32   SA number of indices=309257648
Shared memory is not used for genomes. Allocated a private copy of the genome.
Genome file size: 638902383 bytes; state: good=1 eof=0 fail=0 bad=0
Loading Genome ... done! state: good=1 eof=0 fail=0 bad=0; loaded 638902383 bytes
SA file size: 1275687801 bytes; state: good=1 eof=0 fail=0 bad=0
Loading SA ... done! state: good=1 eof=0 fail=0 bad=0; loaded 1275687801 bytes
Loading SAindex ... done: 97867203 bytes
Finished loading the genome: Fri Oct 16 12:26:33 2020

Processing splice junctions database sjdbN=60279,   pGe.sjdbOverhang=100 
alignIntronMax=alignMatesGapMax=0, the max intron size will be approximately determined by (2^winBinNbits)*winAnchorDistNbins=589824
Created thread # 1
Created thread # 2
Created thread # 3
Thread #1 end of input stream, nextChar=-1
Completed: thread #0
Completed: thread #2
Completed: thread #3
BAM sorting: 306817 mapped reads
BAM sorting bins genomic start loci:
1	5	23211598
2	5	23212363
3	5	23212944
4	5	23216119
5	5	23262347
6	5	23278636
7	5	23281528
8	5	23282620
9	5	23432637
10	5	23433483
11	5	23456528
12	5	23536095
13	11	17178
14	11	36284
15	11	38311
16	11	43898
17	11	44522
18	11	45016
19	11	45266
20	11	47867
21	11	48684
22	11	56337
23	11	56965
24	11	57334
25	11	57732
26	11	67980
27	11	68646
28	11	69011
29	11	69428
30	11	71985
31	11	72650
32	11	74095
33	37	17125
34	77	453
35	97	10890
36	182	637
37	397	2631
38	402	2455
39	529	1765
40	750	1125
41	750	1853
42	1111	618
43	1164	1116
44	1468	79
45	1475	320
46	1475	1003
47	1630	53
48	1725	765
Completed: thread #1
Joined thread # 1
Joined thread # 2
Joined thread # 3
Oct 16 12:27:10 ..... started sorting BAM
Max memory needed for sorting = 1765971
ALL DONE!
