                                 Started job on |	Oct 21 16:00:26
                             Started mapping on |	Oct 21 16:00:34
                                    Finished on |	Oct 21 16:01:19
       Mapping speed, Million of reads per hour |	8.00

                          Number of input reads |	100000
                      Average input read length |	76
                                    UNIQUE READS:
                   Uniquely mapped reads number |	21729
                        Uniquely mapped reads % |	21.73%
                          Average mapped length |	73.43
                       Number of splices: Total |	2518
            Number of splices: Annotated (sjdb) |	2159
                       Number of splices: GT/AG |	2272
                       Number of splices: GC/AG |	121
                       Number of splices: AT/AC |	14
               Number of splices: Non-canonical |	111
                      Mismatch rate per base, % |	6.24%
                         Deletion rate per base |	0.14%
                        Deletion average length |	2.86
                        Insertion rate per base |	0.08%
                       Insertion average length |	2.60
                             MULTI-MAPPING READS:
        Number of reads mapped to multiple loci |	37833
             % of reads mapped to multiple loci |	37.83%
        Number of reads mapped to too many loci |	4606
             % of reads mapped to too many loci |	4.61%
                                  UNMAPPED READS:
  Number of reads unmapped: too many mismatches |	0
       % of reads unmapped: too many mismatches |	0.00%
            Number of reads unmapped: too short |	35726
                 % of reads unmapped: too short |	35.73%
                Number of reads unmapped: other |	106
                     % of reads unmapped: other |	0.11%
                                  CHIMERIC READS:
                       Number of chimeric reads |	0
                            % of chimeric reads |	0.00%
